[2020-06-27 17:13:15] local.ERROR: Command "make:Comment" is not defined.

Did you mean one of these?
    make:cast
    make:channel
    make:command
    make:component
    make:controller
    make:event
    make:exception
    make:factory
    make:job
    make:listener
    make:mail
    make:middleware
    make:migration
    make:model
    make:notification
    make:observer
    make:policy
    make:provider
    make:request
    make:resource
    make:rule
    make:seeder
    make:test {"exception":"[object] (Symfony\\Component\\Console\\Exception\\CommandNotFoundException(code: 0): Command \"make:Comment\" is not defined.

Did you mean one of these?
    make:cast
    make:channel
    make:command
    make:component
    make:controller
    make:event
    make:exception
    make:factory
    make:job
    make:listener
    make:mail
    make:middleware
    make:migration
    make:model
    make:notification
    make:observer
    make:policy
    make:provider
    make:request
    make:resource
    make:rule
    make:seeder
    make:test at C:\\xampp\\htdocs\\ok\\app\\vendor\\symfony\\console\\Application.php:644)
[stacktrace]
#0 C:\\xampp\\htdocs\\ok\\app\\vendor\\symfony\\console\\Application.php(228): Symfony\\Component\\Console\\Application->find('make:Comment')
#1 C:\\xampp\\htdocs\\ok\\app\\vendor\\symfony\\console\\Application.php(140): Symfony\\Component\\Console\\Application->doRun(Object(Symfony\\Component\\Console\\Input\\ArgvInput), Object(Symfony\\Component\\Console\\Output\\ConsoleOutput))
#2 C:\\xampp\\htdocs\\ok\\app\\vendor\\laravel\\framework\\src\\Illuminate\\Console\\Application.php(93): Symfony\\Component\\Console\\Application->run(Object(Symfony\\Component\\Console\\Input\\ArgvInput), Object(Symfony\\Component\\Console\\Output\\ConsoleOutput))
#3 C:\\xampp\\htdocs\\ok\\app\\vendor\\laravel\\framework\\src\\Illuminate\\Foundation\\Console\\Kernel.php(129): Illuminate\\Console\\Application->run(Object(Symfony\\Component\\Console\\Input\\ArgvInput), Object(Symfony\\Component\\Console\\Output\\ConsoleOutput))
#4 C:\\xampp\\htdocs\\ok\\app\\artisan(37): Illuminate\\Foundation\\Console\\Kernel->handle(Object(Symfony\\Component\\Console\\Input\\ArgvInput), Object(Symfony\\Component\\Console\\Output\\ConsoleOutput))
#5 {main}
"} 
[2020-06-27 17:35:30] local.ERROR: SQLSTATE[42S01]: Base table or view already exists: 1050 Table 'comments' already exists (SQL: create table `comments` (`id` bigint unsigned not null auto_increment primary key, `content` text not null, `avis` int not null, `created_at` timestamp null, `updated_at` timestamp null) default character set utf8mb4 collate 'utf8mb4_unicode_ci') {"exception":"[object] (Illuminate\\Database\\QueryException(code: 42S01): SQLSTATE[42S01]: Base table or view already exists: 1050 Table 'comments' already exists (SQL: create table `comments` (`id` bigint unsigned not null auto_increment primary key, `content` text not null, `avis` int not null, `created_at` timestamp null, `updated_at` timestamp null) default character set utf8mb4 collate 'utf8mb4_unicode_ci') at C:\\xampp\\htdocs\\ok\\app\\vendor\\laravel\\framework\\src\\Illuminate\\Database\\Connection.php:671)
[stacktrace]
#0 C:\\xampp\\htdocs\\ok\\app\\vendor\\laravel\\framework\\src\\Illuminate\\Database\\Connection.php(631): Illuminate\\Database\\Connection->runQueryCallback('create table `c...', Array, Object(Closure))
#1 C:\\xampp\\htdocs\\ok\\app\\vendor\\laravel\\framework\\src\\Illuminate\\Database\\Connection.php(465): Illuminate\\Database\\Connection->run('create table `c...', Array, Object(Closure))
#2 C:\\xampp\\htdocs\\ok\\app\\vendor\\laravel\\framework\\src\\Illuminate\\Database\\Schema\\Blueprint.php(102): Illuminate\\Database\\Connection->statement('create table `c...')
#3 C:\\xampp\\htdocs\\ok\\app\\vendor\\laravel\\framework\\src\\Illuminate\\Database\\Schema\\Builder.php(290): Illuminate\\Database\\Schema\\Blueprint->build(Object(Illuminate\\Database\\MySqlConnection), Object(Illuminate\\Database\\Schema\\Grammars\\MySqlGrammar))
#4 C:\\xampp\\htdocs\\ok\\app\\vendor\\laravel\\framework\\src\\Illuminate\\Database\\Schema\\Builder.php(167): Illuminate\\Database\\Schema\\Builder->build(Object(Illuminate\\Database\\Schema\\Blueprint))
#5 C:\\xampp\\htdocs\\ok\\app\\vendor\\laravel\\framework\\src\\Illuminate\\Support\\Facades\\Facade.php(261): Illuminate\\Database\\Schema\\Builder->create('comments', Object(Closure))
#6 C:\\xampp\\htdocs\\ok\\app\\database\\migrations\\2020_06_27_171326_create_comments_table.php(21): Illuminate\\Support\\Facades\\Facade::__callStatic('create', Array)
#7 C:\\xampp\\htdocs\\ok\\app\\vendor\\laravel\\framework\\src\\Illuminate\\Database\\Migrations\\Migrator.php(392): CreateCommentsTable->up()
#8 C:\\xampp\\htdocs\\ok\\app\\vendor\\laravel\\framework\\src\\Illuminate\\Database\\Migrations\\Migrator.php(401): Illuminate\\Database\\Migrations\\Migrator->Illuminate\\Database\\Migrations\\{closure}()
#9 C:\\xampp\\htdocs\\ok\\app\\vendor\\laravel\\framework\\src\\Illuminate\\Database\\Migrations\\Migrator.php(200): Illuminate\\Database\\Migrations\\Migrator->runMigration(Object(CreateCommentsTable), 'up')
#10 C:\\xampp\\htdocs\\ok\\app\\vendor\\laravel\\framework\\src\\Illuminate\\Database\\Migrations\\Migrator.php(165): Illuminate\\Database\\Migrations\\Migrator->runUp('C:\\\\xampp\\\\htdocs...', 9, false)
#11 C:\\xampp\\htdocs\\ok\\app\\vendor\\laravel\\framework\\src\\Illuminate\\Database\\Migrations\\Migrator.php(110): Illuminate\\Database\\Migrations\\Migrator->runPending(Array, Array)
#12 C:\\xampp\\htdocs\\ok\\app\\vendor\\laravel\\framework\\src\\Illuminate\\Database\\Console\\Migrations\\MigrateCommand.php(72): Illuminate\\Database\\Migrations\\Migrator->run(Array, Array)
#13 C:\\xampp\\htdocs\\ok\\app\\vendor\\laravel\\framework\\src\\Illuminate\\Database\\Migrations\\Migrator.php(541): Illuminate\\Database\\Console\\Migrations\\MigrateCommand->Illuminate\\Database\\Console\\Migrations\\{closure}()
#14 C:\\xampp\\htdocs\\ok\\app\\vendor\\laravel\\framework\\src\\Illuminate\\Database\\Console\\Migrations\\MigrateCommand.php(81): Illuminate\\Database\\Migrations\\Migrator->usingConnection(NULL, Object(Closure))
#15 [internal function]: Illuminate\\Database\\Console\\Migrations\\MigrateCommand->handle()
#16 C:\\xampp\\htdocs\\ok\\app\\vendor\\laravel\\framework\\src\\Illuminate\\Container\\BoundMethod.php(33): call_user_func_array(Array, Array)
#17 C:\\xampp\\htdocs\\ok\\app\\vendor\\laravel\\framework\\src\\Illuminate\\Container\\Util.php(37): Illuminate\\Container\\BoundMethod::Illuminate\\Container\\{closure}()
#18 C:\\xampp\\htdocs\\ok\\app\\vendor\\laravel\\framework\\src\\Illuminate\\Container\\BoundMethod.php(91): Illuminate\\Container\\Util::unwrapIfClosure(Object(Closure))
#19 C:\\xampp\\htdocs\\ok\\app\\vendor\\laravel\\framework\\src\\Illuminate\\Container\\BoundMethod.php(35): Illuminate\\Container\\BoundMethod::callBoundMethod(Object(Illuminate\\Foundation\\Application), Array, Object(Closure))
#20 C:\\xampp\\htdocs\\ok\\app\\vendor\\laravel\\framework\\src\\Illuminate\\Container\\Container.php(592): Illuminate\\Container\\BoundMethod::call(Object(Illuminate\\Foundation\\Application), Array, Array, NULL)
#21 C:\\xampp\\htdocs\\ok\\app\\vendor\\laravel\\framework\\src\\Illuminate\\Console\\Command.php(134): Illuminate\\Container\\Container->call(Array)
#22 C:\\xampp\\htdocs\\ok\\app\\vendor\\symfony\\console\\Command\\Command.php(258): Illuminate\\Console\\Command->execute(Object(Symfony\\Component\\Console\\Input\\ArgvInput), Object(Illuminate\\Console\\OutputStyle))
#23 C:\\xampp\\htdocs\\ok\\app\\vendor\\laravel\\framework\\src\\Illuminate\\Console\\Command.php(121): Symfony\\Component\\Console\\Command\\Command->run(Object(Symfony\\Component\\Console\\Input\\ArgvInput), Object(Illuminate\\Console\\OutputStyle))
#24 C:\\xampp\\htdocs\\ok\\app\\vendor\\symfony\\console\\Application.php(911): Illuminate\\Console\\Command->run(Object(Symfony\\Component\\Console\\Input\\ArgvInput), Object(Symfony\\Component\\Console\\Output\\ConsoleOutput))
#25 C:\\xampp\\htdocs\\ok\\app\\vendor\\symfony\\console\\Application.php(264): Symfony\\Component\\Console\\Application->doRunCommand(Object(Illuminate\\Database\\Console\\Migrations\\MigrateCommand), Object(Symfony\\Component\\Console\\Input\\ArgvInput), Object(Symfony\\Component\\Console\\Output\\ConsoleOutput))
#26 C:\\xampp\\htdocs\\ok\\app\\vendor\\symfony\\console\\Application.php(140): Symfony\\Component\\Console\\Application->doRun(Object(Symfony\\Component\\Console\\Input\\ArgvInput), Object(Symfony\\Component\\Console\\Output\\ConsoleOutput))
#27 C:\\xampp\\htdocs\\ok\\app\\vendor\\laravel\\framework\\src\\Illuminate\\Console\\Application.php(93): Symfony\\Component\\Console\\Application->run(Object(Symfony\\Component\\Console\\Input\\ArgvInput), Object(Symfony\\Component\\Console\\Output\\ConsoleOutput))
#28 C:\\xampp\\htdocs\\ok\\app\\vendor\\laravel\\framework\\src\\Illuminate\\Foundation\\Console\\Kernel.php(129): Illuminate\\Console\\Application->run(Object(Symfony\\Component\\Console\\Input\\ArgvInput), Object(Symfony\\Component\\Console\\Output\\ConsoleOutput))
#29 C:\\xampp\\htdocs\\ok\\app\\artisan(37): Illuminate\\Foundation\\Console\\Kernel->handle(Object(Symfony\\Component\\Console\\Input\\ArgvInput), Object(Symfony\\Component\\Console\\Output\\ConsoleOutput))
#30 {main}

[previous exception] [object] (PDOException(code: 42S01): SQLSTATE[42S01]: Base table or view already exists: 1050 Table 'comments' already exists at C:\\xampp\\htdocs\\ok\\app\\vendor\\laravel\\framework\\src\\Illuminate\\Database\\Connection.php:464)
[stacktrace]
#0 C:\\xampp\\htdocs\\ok\\app\\vendor\\laravel\\framework\\src\\Illuminate\\Database\\Connection.php(464): PDOStatement->execute()
#1 C:\\xampp\\htdocs\\ok\\app\\vendor\\laravel\\framework\\src\\Illuminate\\Database\\Connection.php(664): Illuminate\\Database\\Connection->Illuminate\\Database\\{closure}('create table `c...', Array)
#2 C:\\xampp\\htdocs\\ok\\app\\vendor\\laravel\\framework\\src\\Illuminate\\Database\\Connection.php(631): Illuminate\\Database\\Connection->runQueryCallback('create table `c...', Array, Object(Closure))
#3 C:\\xampp\\htdocs\\ok\\app\\vendor\\laravel\\framework\\src\\Illuminate\\Database\\Connection.php(465): Illuminate\\Database\\Connection->run('create table `c...', Array, Object(Closure))
#4 C:\\xampp\\htdocs\\ok\\app\\vendor\\laravel\\framework\\src\\Illuminate\\Database\\Schema\\Blueprint.php(102): Illuminate\\Database\\Connection->statement('create table `c...')
#5 C:\\xampp\\htdocs\\ok\\app\\vendor\\laravel\\framework\\src\\Illuminate\\Database\\Schema\\Builder.php(290): Illuminate\\Database\\Schema\\Blueprint->build(Object(Illuminate\\Database\\MySqlConnection), Object(Illuminate\\Database\\Schema\\Grammars\\MySqlGrammar))
#6 C:\\xampp\\htdocs\\ok\\app\\vendor\\laravel\\framework\\src\\Illuminate\\Database\\Schema\\Builder.php(167): Illuminate\\Database\\Schema\\Builder->build(Object(Illuminate\\Database\\Schema\\Blueprint))
#7 C:\\xampp\\htdocs\\ok\\app\\vendor\\laravel\\framework\\src\\Illuminate\\Support\\Facades\\Facade.php(261): Illuminate\\Database\\Schema\\Builder->create('comments', Object(Closure))
#8 C:\\xampp\\htdocs\\ok\\app\\database\\migrations\\2020_06_27_171326_create_comments_table.php(21): Illuminate\\Support\\Facades\\Facade::__callStatic('create', Array)
#9 C:\\xampp\\htdocs\\ok\\app\\vendor\\laravel\\framework\\src\\Illuminate\\Database\\Migrations\\Migrator.php(392): CreateCommentsTable->up()
#10 C:\\xampp\\htdocs\\ok\\app\\vendor\\laravel\\framework\\src\\Illuminate\\Database\\Migrations\\Migrator.php(401): Illuminate\\Database\\Migrations\\Migrator->Illuminate\\Database\\Migrations\\{closure}()
#11 C:\\xampp\\htdocs\\ok\\app\\vendor\\laravel\\framework\\src\\Illuminate\\Database\\Migrations\\Migrator.php(200): Illuminate\\Database\\Migrations\\Migrator->runMigration(Object(CreateCommentsTable), 'up')
#12 C:\\xampp\\htdocs\\ok\\app\\vendor\\laravel\\framework\\src\\Illuminate\\Database\\Migrations\\Migrator.php(165): Illuminate\\Database\\Migrations\\Migrator->runUp('C:\\\\xampp\\\\htdocs...', 9, false)
#13 C:\\xampp\\htdocs\\ok\\app\\vendor\\laravel\\framework\\src\\Illuminate\\Database\\Migrations\\Migrator.php(110): Illuminate\\Database\\Migrations\\Migrator->runPending(Array, Array)
#14 C:\\xampp\\htdocs\\ok\\app\\vendor\\laravel\\framework\\src\\Illuminate\\Database\\Console\\Migrations\\MigrateCommand.php(72): Illuminate\\Database\\Migrations\\Migrator->run(Array, Array)
#15 C:\\xampp\\htdocs\\ok\\app\\vendor\\laravel\\framework\\src\\Illuminate\\Database\\Migrations\\Migrator.php(541): Illuminate\\Database\\Console\\Migrations\\MigrateCommand->Illuminate\\Database\\Console\\Migrations\\{closure}()
#16 C:\\xampp\\htdocs\\ok\\app\\vendor\\laravel\\framework\\src\\Illuminate\\Database\\Console\\Migrations\\MigrateCommand.php(81): Illuminate\\Database\\Migrations\\Migrator->usingConnection(NULL, Object(Closure))
#17 [internal function]: Illuminate\\Database\\Console\\Migrations\\MigrateCommand->handle()
#18 C:\\xampp\\htdocs\\ok\\app\\vendor\\laravel\\framework\\src\\Illuminate\\Container\\BoundMethod.php(33): call_user_func_array(Array, Array)
#19 C:\\xampp\\htdocs\\ok\\app\\vendor\\laravel\\framework\\src\\Illuminate\\Container\\Util.php(37): Illuminate\\Container\\BoundMethod::Illuminate\\Container\\{closure}()
#20 C:\\xampp\\htdocs\\ok\\app\\vendor\\laravel\\framework\\src\\Illuminate\\Container\\BoundMethod.php(91): Illuminate\\Container\\Util::unwrapIfClosure(Object(Closure))
#21 C:\\xampp\\htdocs\\ok\\app\\vendor\\laravel\\framework\\src\\Illuminate\\Container\\BoundMethod.php(35): Illuminate\\Container\\BoundMethod::callBoundMethod(Object(Illuminate\\Foundation\\Application), Array, Object(Closure))
#22 C:\\xampp\\htdocs\\ok\\app\\vendor\\laravel\\framework\\src\\Illuminate\\Container\\Container.php(592): Illuminate\\Container\\BoundMethod::call(Object(Illuminate\\Foundation\\Application), Array, Array, NULL)
#23 C:\\xampp\\htdocs\\ok\\app\\vendor\\laravel\\framework\\src\\Illuminate\\Console\\Command.php(134): Illuminate\\Container\\Container->call(Array)
#24 C:\\xampp\\htdocs\\ok\\app\\vendor\\symfony\\console\\Command\\Command.php(258): Illuminate\\Console\\Command->execute(Object(Symfony\\Component\\Console\\Input\\ArgvInput), Object(Illuminate\\Console\\OutputStyle))
#25 C:\\xampp\\htdocs\\ok\\app\\vendor\\laravel\\framework\\src\\Illuminate\\Console\\Command.php(121): Symfony\\Component\\Console\\Command\\Command->run(Object(Symfony\\Component\\Console\\Input\\ArgvInput), Object(Illuminate\\Console\\OutputStyle))
#26 C:\\xampp\\htdocs\\ok\\app\\vendor\\symfony\\console\\Application.php(911): Illuminate\\Console\\Command->run(Object(Symfony\\Component\\Console\\Input\\ArgvInput), Object(Symfony\\Component\\Console\\Output\\ConsoleOutput))
#27 C:\\xampp\\htdocs\\ok\\app\\vendor\\symfony\\console\\Application.php(264): Symfony\\Component\\Console\\Application->doRunCommand(Object(Illuminate\\Database\\Console\\Migrations\\MigrateCommand), Object(Symfony\\Component\\Console\\Input\\ArgvInput), Object(Symfony\\Component\\Console\\Output\\ConsoleOutput))
#28 C:\\xampp\\htdocs\\ok\\app\\vendor\\symfony\\console\\Application.php(140): Symfony\\Component\\Console\\Application->doRun(Object(Symfony\\Component\\Console\\Input\\ArgvInput), Object(Symfony\\Component\\Console\\Output\\ConsoleOutput))
#29 C:\\xampp\\htdocs\\ok\\app\\vendor\\laravel\\framework\\src\\Illuminate\\Console\\Application.php(93): Symfony\\Component\\Console\\Application->run(Object(Symfony\\Component\\Console\\Input\\ArgvInput), Object(Symfony\\Component\\Console\\Output\\ConsoleOutput))
#30 C:\\xampp\\htdocs\\ok\\app\\vendor\\laravel\\framework\\src\\Illuminate\\Foundation\\Console\\Kernel.php(129): Illuminate\\Console\\Application->run(Object(Symfony\\Component\\Console\\Input\\ArgvInput), Object(Symfony\\Component\\Console\\Output\\ConsoleOutput))
#31 C:\\xampp\\htdocs\\ok\\app\\artisan(37): Illuminate\\Foundation\\Console\\Kernel->handle(Object(Symfony\\Component\\Console\\Input\\ArgvInput), Object(Symfony\\Component\\Console\\Output\\ConsoleOutput))
#32 {main}
"} 
